2025-01-06 10:23:42,266 - INFO - HTTP Request: GET http://testserver/health "HTTP/1.1 400 Bad Request"
2025-01-06 10:23:42,347 - INFO - HTTP Request: GET http://testserver/protected "HTTP/1.1 400 Bad Request"
2025-01-06 10:23:42,360 - INFO - HTTP Request: GET http://testserver/protected "HTTP/1.1 400 Bad Request"
2025-01-06 10:23:42,365 - INFO - HTTP Request: POST http://testserver/users/ "HTTP/1.1 400 Bad Request"
2025-01-06 10:23:42,372 - INFO - HTTP Request: POST http://testserver/token "HTTP/1.1 400 Bad Request"
2025-01-06 10:23:42,378 - INFO - HTTP Request: POST http://testserver/token "HTTP/1.1 400 Bad Request"
2025-01-06 10:23:42,383 - INFO - HTTP Request: GET http://testserver/health "HTTP/1.1 400 Bad Request"
2025-01-06 10:23:42,393 - INFO - HTTP Request: GET http://testserver/users/ "HTTP/1.1 400 Bad Request"
2025-01-06 10:23:42,398 - INFO - HTTP Request: GET http://testserver/users/ "HTTP/1.1 400 Bad Request"
2025-01-06 10:23:42,408 - INFO - HTTP Request: GET http://testserver/users/ "HTTP/1.1 400 Bad Request"
2025-01-06 10:23:42,416 - INFO - HTTP Request: GET http://testserver/health "HTTP/1.1 400 Bad Request"
2025-01-06 10:27:15,593 - INFO - HTTP Request: GET http://testserver/health "HTTP/1.1 400 Bad Request"
2025-01-06 10:27:15,668 - INFO - HTTP Request: GET http://testserver/protected "HTTP/1.1 400 Bad Request"
2025-01-06 10:27:15,684 - INFO - HTTP Request: GET http://testserver/protected "HTTP/1.1 400 Bad Request"
2025-01-06 10:27:15,692 - INFO - HTTP Request: POST http://testserver/users/ "HTTP/1.1 400 Bad Request"
2025-01-06 10:27:15,700 - INFO - HTTP Request: POST http://testserver/token "HTTP/1.1 400 Bad Request"
2025-01-06 10:27:15,707 - INFO - HTTP Request: POST http://testserver/token "HTTP/1.1 400 Bad Request"
2025-01-06 10:27:15,714 - INFO - HTTP Request: GET http://testserver/health "HTTP/1.1 400 Bad Request"
2025-01-06 10:27:15,725 - INFO - HTTP Request: GET http://testserver/users/ "HTTP/1.1 400 Bad Request"
2025-01-06 10:27:15,733 - INFO - HTTP Request: GET http://testserver/users/ "HTTP/1.1 400 Bad Request"
2025-01-06 10:27:15,740 - INFO - HTTP Request: GET http://testserver/users/ "HTTP/1.1 400 Bad Request"
2025-01-06 10:27:15,748 - INFO - HTTP Request: GET http://testserver/health "HTTP/1.1 400 Bad Request"
2025-01-06 10:30:37,486 - INFO - HTTP Request: GET http://testserver/health "HTTP/1.1 400 Bad Request"
2025-01-06 10:30:37,564 - INFO - HTTP Request: GET http://testserver/protected "HTTP/1.1 400 Bad Request"
2025-01-06 10:30:37,578 - INFO - HTTP Request: GET http://testserver/protected "HTTP/1.1 400 Bad Request"
2025-01-06 10:30:37,587 - INFO - HTTP Request: POST http://testserver/users/ "HTTP/1.1 400 Bad Request"
2025-01-06 10:30:37,596 - INFO - HTTP Request: POST http://testserver/token "HTTP/1.1 400 Bad Request"
2025-01-06 10:30:37,604 - INFO - HTTP Request: POST http://testserver/token "HTTP/1.1 400 Bad Request"
2025-01-06 10:30:37,612 - INFO - HTTP Request: GET http://testserver/health "HTTP/1.1 400 Bad Request"
2025-01-06 10:30:37,623 - INFO - HTTP Request: GET http://testserver/users/ "HTTP/1.1 400 Bad Request"
2025-01-06 10:30:37,630 - INFO - HTTP Request: GET http://testserver/users/ "HTTP/1.1 400 Bad Request"
2025-01-06 10:30:37,638 - INFO - HTTP Request: GET http://testserver/users/ "HTTP/1.1 400 Bad Request"
2025-01-06 10:30:37,644 - INFO - HTTP Request: GET http://testserver/health "HTTP/1.1 400 Bad Request"
2025-01-06 10:40:50,996 - INFO - HTTP Request: GET http://testserver/health "HTTP/1.1 400 Bad Request"
2025-01-06 10:40:51,071 - INFO - HTTP Request: GET http://testserver/protected "HTTP/1.1 400 Bad Request"
2025-01-06 10:40:51,086 - INFO - HTTP Request: GET http://testserver/protected "HTTP/1.1 400 Bad Request"
2025-01-06 10:40:51,093 - INFO - HTTP Request: POST http://testserver/users/ "HTTP/1.1 400 Bad Request"
2025-01-06 10:40:51,101 - INFO - HTTP Request: POST http://testserver/token "HTTP/1.1 400 Bad Request"
2025-01-06 10:40:51,110 - INFO - HTTP Request: POST http://testserver/token "HTTP/1.1 400 Bad Request"
2025-01-06 10:40:51,117 - INFO - HTTP Request: GET http://testserver/health "HTTP/1.1 400 Bad Request"
2025-01-06 10:40:51,128 - INFO - HTTP Request: GET http://testserver/users/ "HTTP/1.1 400 Bad Request"
2025-01-06 10:40:51,136 - INFO - HTTP Request: GET http://testserver/users/ "HTTP/1.1 400 Bad Request"
2025-01-06 10:40:51,144 - INFO - HTTP Request: GET http://testserver/users/ "HTTP/1.1 400 Bad Request"
2025-01-06 10:40:51,150 - INFO - HTTP Request: GET http://testserver/health "HTTP/1.1 400 Bad Request"
2025-01-06 10:41:44,270 - INFO - HTTP Request: GET http://testserver/health "HTTP/1.1 400 Bad Request"
2025-01-06 10:41:44,355 - INFO - HTTP Request: GET http://testserver/protected "HTTP/1.1 400 Bad Request"
2025-01-06 10:41:44,368 - INFO - HTTP Request: GET http://testserver/protected "HTTP/1.1 400 Bad Request"
2025-01-06 10:41:44,377 - INFO - HTTP Request: POST http://testserver/users/ "HTTP/1.1 400 Bad Request"
2025-01-06 10:41:44,384 - WARNING - (trapped) error reading bcrypt version
Traceback (most recent call last):
  File "/Users/jacekszybicki/Documents/Work_Flow_app/venv/lib/python3.11/site-packages/passlib/handlers/bcrypt.py", line 620, in _load_backend_mixin
    version = _bcrypt.__about__.__version__
              ^^^^^^^^^^^^^^^^^
AttributeError: module 'bcrypt' has no attribute '__about__'
2025-01-06 10:41:44,734 - INFO - HTTP Request: POST http://testserver/token "HTTP/1.1 400 Bad Request"
2025-01-06 10:41:44,742 - INFO - HTTP Request: GET http://testserver/health "HTTP/1.1 400 Bad Request"
2025-01-06 10:41:44,753 - INFO - HTTP Request: GET http://testserver/users/ "HTTP/1.1 400 Bad Request"
2025-01-06 10:41:44,762 - INFO - HTTP Request: GET http://testserver/users/ "HTTP/1.1 400 Bad Request"
2025-01-06 10:41:44,769 - INFO - HTTP Request: GET http://testserver/users/ "HTTP/1.1 400 Bad Request"
2025-01-06 10:41:44,778 - INFO - HTTP Request: GET http://testserver/health "HTTP/1.1 400 Bad Request"
2025-01-06 10:42:02,285 - INFO - HTTP Request: GET http://testserver/health "HTTP/1.1 400 Bad Request"
2025-01-06 10:42:02,362 - INFO - HTTP Request: GET http://testserver/protected "HTTP/1.1 400 Bad Request"
2025-01-06 10:42:02,377 - INFO - HTTP Request: GET http://testserver/protected "HTTP/1.1 400 Bad Request"
2025-01-06 10:42:02,385 - INFO - HTTP Request: POST http://testserver/users/ "HTTP/1.1 400 Bad Request"
2025-01-06 10:42:02,392 - WARNING - (trapped) error reading bcrypt version
Traceback (most recent call last):
  File "/Users/jacekszybicki/Documents/Work_Flow_app/venv/lib/python3.11/site-packages/passlib/handlers/bcrypt.py", line 620, in _load_backend_mixin
    version = _bcrypt.__about__.__version__
              ^^^^^^^^^^^^^^^^^
AttributeError: module 'bcrypt' has no attribute '__about__'
2025-01-06 10:42:02,721 - INFO - HTTP Request: POST http://testserver/token "HTTP/1.1 400 Bad Request"
2025-01-06 10:42:02,730 - INFO - HTTP Request: GET http://testserver/health "HTTP/1.1 400 Bad Request"
2025-01-06 10:42:02,741 - INFO - HTTP Request: GET http://testserver/users/ "HTTP/1.1 400 Bad Request"
2025-01-06 10:42:02,749 - INFO - HTTP Request: GET http://testserver/users/ "HTTP/1.1 400 Bad Request"
2025-01-06 10:42:02,756 - INFO - HTTP Request: GET http://testserver/users/ "HTTP/1.1 400 Bad Request"
2025-01-06 10:42:02,764 - INFO - HTTP Request: GET http://testserver/health "HTTP/1.1 400 Bad Request"
2025-01-06 10:51:12,348 - INFO - HTTP Request: GET http://testserver/health "HTTP/1.1 400 Bad Request"
2025-01-06 10:51:12,428 - INFO - HTTP Request: GET http://testserver/protected "HTTP/1.1 400 Bad Request"
2025-01-06 10:51:12,443 - INFO - HTTP Request: GET http://testserver/protected "HTTP/1.1 400 Bad Request"
2025-01-06 10:51:12,450 - INFO - HTTP Request: POST http://testserver/users/ "HTTP/1.1 400 Bad Request"
2025-01-06 10:51:12,463 - WARNING - (trapped) error reading bcrypt version
Traceback (most recent call last):
  File "/Users/jacekszybicki/Documents/Work_Flow_app/venv/lib/python3.11/site-packages/passlib/handlers/bcrypt.py", line 620, in _load_backend_mixin
    version = _bcrypt.__about__.__version__
              ^^^^^^^^^^^^^^^^^
AttributeError: module 'bcrypt' has no attribute '__about__'
2025-01-06 10:51:13,298 - INFO - HTTP Request: POST http://testserver/token "HTTP/1.1 400 Bad Request"
2025-01-06 10:51:13,307 - INFO - HTTP Request: GET http://testserver/health "HTTP/1.1 400 Bad Request"
2025-01-06 10:51:13,321 - INFO - HTTP Request: GET http://testserver/users/ "HTTP/1.1 400 Bad Request"
2025-01-06 10:51:13,329 - INFO - HTTP Request: GET http://testserver/users/ "HTTP/1.1 400 Bad Request"
2025-01-06 10:51:13,339 - INFO - HTTP Request: GET http://testserver/users/ "HTTP/1.1 400 Bad Request"
2025-01-06 10:51:13,347 - INFO - HTTP Request: GET http://testserver/health "HTTP/1.1 400 Bad Request"
